{"/home/fky/code/git/mine/Evaluation_BackEnd/Evaluation_FrontEnd/src/assets/icon.png": {"path":"/home/fky/code/git/mine/Evaluation_BackEnd/Evaluation_FrontEnd/src/assets/icon.png","statementMap":{"0":{"start":{"line":1,"column":0},"end":{"line":1,"column":19}}},"fnMap":{},"branchMap":{},"s":{"0":1},"f":{},"b":{},"_coverageSchema":"332fd63041d2c1bcb487cc26dd0d5f7d97098a6c","hash":"ce7c4867a5f697493d5281e8f7bd68dea2561eae"}
,"/home/fky/code/git/mine/Evaluation_BackEnd/Evaluation_FrontEnd/src/assets/success.png": {"path":"/home/fky/code/git/mine/Evaluation_BackEnd/Evaluation_FrontEnd/src/assets/success.png","statementMap":{"0":{"start":{"line":1,"column":0},"end":{"line":1,"column":19}}},"fnMap":{},"branchMap":{},"s":{"0":1},"f":{},"b":{},"_coverageSchema":"332fd63041d2c1bcb487cc26dd0d5f7d97098a6c","hash":"d4323b3bfffcf6421e9864ce4d36fea8785027d5"}
,"/home/fky/code/git/mine/Evaluation_BackEnd/Evaluation_FrontEnd/src/views/Success.vue": {"path":"/home/fky/code/git/mine/Evaluation_BackEnd/Evaluation_FrontEnd/src/views/Success.vue","statementMap":{"0":{"start":{"line":26,"column":0},"end":{"line":null,"column":-1}},"1":{"start":{"line":34,"column":0},"end":{"line":null,"column":-1}},"2":{"start":{"line":45,"column":0},"end":{"line":47,"column":0}},"3":{"start":{"line":46,"column":0},"end":{"line":null,"column":-1}}},"fnMap":{"0":{"name":"(anonymous_1)","decl":{"start":{"line":45,"column":0},"end":{"line":null,"column":-1}},"loc":{"start":{"line":45,"column":0},"end":{"line":47,"column":0}}}},"branchMap":{},"s":{"0":1,"1":1,"2":1,"3":0},"f":{"0":0},"b":{}}
}
