TN:
SF:/home/fky/code/git/mine/Evaluation_BackEnd/Evaluation_FrontEnd/src/assets/icon.png
FNF:0
FNH:0
DA:1,1
LF:1
LH:1
BRF:0
BRH:0
end_of_record
TN:
SF:/home/fky/code/git/mine/Evaluation_BackEnd/Evaluation_FrontEnd/src/assets/success.png
FNF:0
FNH:0
DA:1,1
LF:1
LH:1
BRF:0
BRH:0
end_of_record
TN:
SF:/home/fky/code/git/mine/Evaluation_BackEnd/Evaluation_FrontEnd/src/views/Success.vue
FN:45,(anonymous_1)
FNF:1
FNH:0
FNDA:0,(anonymous_1)
DA:26,1
DA:34,1
DA:45,1
DA:46,0
LF:4
LH:3
BRF:0
BRH:0
end_of_record
